\BOOKMARK [0][-]{chapter*.1}{Acknowledgement}{}% 1
\BOOKMARK [0][-]{chapter*.2}{R\351sum\351}{}% 2
\BOOKMARK [0][-]{chapter*.3}{Abstract}{}% 3
\BOOKMARK [0][-]{chapter.1}{Introduction}{}% 4
\BOOKMARK [1][-]{section.1.1}{Presentation}{chapter.1}% 5
\BOOKMARK [1][-]{section.1.2}{Motivations}{chapter.1}% 6
\BOOKMARK [1][-]{section.1.3}{Objectives and contributions}{chapter.1}% 7
\BOOKMARK [1][-]{section.1.4}{Outlines}{chapter.1}% 8
\BOOKMARK [0][-]{chapter.2}{State-of-the-art}{}% 9
\BOOKMARK [1][-]{section.2.1}{Document image analysis}{chapter.2}% 10
\BOOKMARK [1][-]{section.2.2}{Comic book image analysis}{chapter.2}% 11
\BOOKMARK [2][-]{subsection.2.2.1}{Panel extraction and layout analysis}{section.2.2}% 12
\BOOKMARK [2][-]{subsection.2.2.2}{Balloon segmentation and tail detection}{section.2.2}% 13
\BOOKMARK [2][-]{subsection.2.2.3}{Text extraction and recognition}{section.2.2}% 14
\BOOKMARK [2][-]{subsection.2.2.4}{Comic character detection}{section.2.2}% 15
\BOOKMARK [1][-]{section.2.3}{Holistic understanding}{chapter.2}% 16
\BOOKMARK [1][-]{section.2.4}{Existing applications}{chapter.2}% 17
\BOOKMARK [1][-]{section.2.5}{Conclusion}{chapter.2}% 18
\BOOKMARK [0][-]{chapter.3}{Method 1: sequential information extraction}{}% 19
\BOOKMARK [1][-]{section.3.1}{Introduction}{chapter.3}% 20
\BOOKMARK [1][-]{section.3.2}{Panel and text}{chapter.3}% 21
\BOOKMARK [1][-]{section.3.3}{From text to balloon}{chapter.3}% 22
\BOOKMARK [2][-]{subsection.3.3.1}{Regular balloon extraction}{section.3.3}% 23
\BOOKMARK [2][-]{subsection.3.3.2}{Implicit balloon extraction}{section.3.3}% 24
\BOOKMARK [1][-]{section.3.4}{From balloon to tail}{chapter.3}% 25
\BOOKMARK [1][-]{section.3.5}{From tail to comic character}{chapter.3}% 26
\BOOKMARK [1][-]{section.3.6}{Conclusions}{chapter.3}% 27
\BOOKMARK [0][-]{chapter.4}{Method 2: independent information extraction}{}% 28
\BOOKMARK [1][-]{section.4.1}{Introduction}{chapter.4}% 29
\BOOKMARK [1][-]{section.4.2}{Panel extraction}{chapter.4}% 30
\BOOKMARK [1][-]{section.4.3}{Text localisation and recognition}{chapter.4}% 31
\BOOKMARK [2][-]{subsection.4.3.1}{Introduction}{section.4.3}% 32
\BOOKMARK [2][-]{subsection.4.3.2}{Adaptive segmentation}{section.4.3}% 33
\BOOKMARK [2][-]{subsection.4.3.3}{Text/graphics separation}{section.4.3}% 34
\BOOKMARK [2][-]{subsection.4.3.4}{Text recognition}{section.4.3}% 35
\BOOKMARK [1][-]{section.4.4}{Balloon segmentation and classification}{chapter.4}% 36
\BOOKMARK [2][-]{subsection.4.4.1}{Balloon segmentation}{section.4.4}% 37
\BOOKMARK [2][-]{subsection.4.4.2}{Balloon classification}{section.4.4}% 38
\BOOKMARK [1][-]{section.4.5}{Comic character spotting}{chapter.4}% 39
\BOOKMARK [2][-]{subsection.4.5.1}{Input query}{section.4.5}% 40
\BOOKMARK [2][-]{subsection.4.5.2}{Colour reduction}{section.4.5}% 41
\BOOKMARK [2][-]{subsection.4.5.3}{Query descriptor}{section.4.5}% 42
\BOOKMARK [2][-]{subsection.4.5.4}{Object retrieval}{section.4.5}% 43
\BOOKMARK [1][-]{section.4.6}{Conclusions}{chapter.4}% 44
\BOOKMARK [0][-]{chapter.5}{Method 3: knowledge-driven analysis}{}% 45
\BOOKMARK [1][-]{section.5.1}{Introduction}{chapter.5}% 46
\BOOKMARK [1][-]{section.5.2}{Expert system}{chapter.5}% 47
\BOOKMARK [1][-]{section.5.3}{Knowledge representation}{chapter.5}% 48
\BOOKMARK [1][-]{section.5.4}{Processing sequence}{chapter.5}% 49
\BOOKMARK [1][-]{section.5.5}{Presentation of the model}{chapter.5}% 50
\BOOKMARK [2][-]{subsection.5.5.1}{Image model}{section.5.5}% 51
\BOOKMARK [2][-]{subsection.5.5.2}{Comics model}{section.5.5}% 52
\BOOKMARK [2][-]{subsection.5.5.3}{Model interactions}{section.5.5}% 53
\BOOKMARK [1][-]{section.5.6}{Interactions between high and low level processing}{chapter.5}% 54
\BOOKMARK [2][-]{subsection.5.6.1}{Validation of the extractions}{section.5.6}% 55
\BOOKMARK [2][-]{subsection.5.6.2}{Inferences from the low level information}{section.5.6}% 56
\BOOKMARK [1][-]{section.5.7}{Conclusions}{chapter.5}% 57
\BOOKMARK [0][-]{chapter.6}{Experimentations}{}% 58
\BOOKMARK [1][-]{section.6.1}{Dataset and ground truth construction}{chapter.6}% 59
\BOOKMARK [2][-]{subsection.6.1.1}{Dataset description}{section.6.1}% 60
\BOOKMARK [2][-]{subsection.6.1.2}{Terms of use}{section.6.1}% 61
\BOOKMARK [2][-]{subsection.6.1.3}{Ground truth construction}{section.6.1}% 62
\BOOKMARK [2][-]{subsection.6.1.4}{Ground truth quality assessment}{section.6.1}% 63
\BOOKMARK [2][-]{subsection.6.1.5}{Discussions}{section.6.1}% 64
\BOOKMARK [1][-]{section.6.2}{Metrics}{chapter.6}% 65
\BOOKMARK [2][-]{subsection.6.2.1}{Object localisation}{section.6.2}% 66
\BOOKMARK [2][-]{subsection.6.2.2}{Object segmentation}{section.6.2}% 67
\BOOKMARK [2][-]{subsection.6.2.3}{Tail detection}{section.6.2}% 68
\BOOKMARK [2][-]{subsection.6.2.4}{Semantic links}{section.6.2}% 69
\BOOKMARK [2][-]{subsection.6.2.5}{Text recognition}{section.6.2}% 70
\BOOKMARK [1][-]{section.6.3}{Panel extraction evaluation}{chapter.6}% 71
\BOOKMARK [2][-]{subsection.6.3.1}{Experimental settings}{section.6.3}% 72
\BOOKMARK [2][-]{subsection.6.3.2}{Result analysis}{section.6.3}% 73
\BOOKMARK [1][-]{section.6.4}{Text extraction and recognition evaluation}{chapter.6}% 74
\BOOKMARK [2][-]{subsection.6.4.1}{Experimental settings}{section.6.4}% 75
\BOOKMARK [2][-]{subsection.6.4.2}{Results analysis}{section.6.4}% 76
\BOOKMARK [1][-]{section.6.5}{Balloon extraction evaluation}{chapter.6}% 77
\BOOKMARK [2][-]{subsection.6.5.1}{Experimental settings}{section.6.5}% 78
\BOOKMARK [2][-]{subsection.6.5.2}{Result analysis}{section.6.5}% 79
\BOOKMARK [1][-]{section.6.6}{Tail detection evaluation}{chapter.6}% 80
\BOOKMARK [2][-]{subsection.6.6.1}{Experimental settings}{section.6.6}% 81
\BOOKMARK [2][-]{subsection.6.6.2}{Result analysis}{section.6.6}% 82
\BOOKMARK [1][-]{section.6.7}{Comic character extraction evaluation}{chapter.6}% 83
\BOOKMARK [2][-]{subsection.6.7.1}{Experimental settings}{section.6.7}% 84
\BOOKMARK [2][-]{subsection.6.7.2}{Result analysis}{section.6.7}% 85
\BOOKMARK [1][-]{section.6.8}{Semantic links evaluation}{chapter.6}% 86
\BOOKMARK [2][-]{subsection.6.8.1}{Experimental settings}{section.6.8}% 87
\BOOKMARK [2][-]{subsection.6.8.2}{Results analysis}{section.6.8}% 88
\BOOKMARK [1][-]{section.6.9}{Knowledge-driven analysis evaluation}{chapter.6}% 89
\BOOKMARK [1][-]{section.6.10}{Conclusions}{chapter.6}% 90
\BOOKMARK [0][-]{chapter.7}{Conclusions}{}% 91
\BOOKMARK [1][-]{section.7.1}{Summary and contributions}{chapter.7}% 92
\BOOKMARK [1][-]{section.7.2}{Future perspectives}{chapter.7}% 93
\BOOKMARK [0][-]{section*.167}{Bibliography}{}% 94
